Using pre-set license
Built from '2022.3/staging' branch; Version is '2022.3.29f1 (8d510ca76d2b) revision 9261324'; Using compiler version '192829333'; Build Type 'Release'
OS: 'Windows 10  (10.0.19045) 64bit Enterprise' Language: 'pt' Physical Memory: 16267 MB
BatchMode: 1, IsHumanControllingUs: 0, StartBugReporterOnCrash: 0, Is64bit: 1, IsPro: 1

COMMAND LINE ARGUMENTS:
C:\Program Files\Unity\Hub\Editor\2022.3.29f1\Editor\Unity.exe
-adb2
-batchMode
-noUpm
-name
AssetImportWorker1
-projectPath
D:/Users/raul.qgomes/Ladrão da mansão
-logFile
Logs/AssetImportWorker1.log
-srvPort
56401
Successfully changed project path to: D:/Users/raul.qgomes/Ladrão da mansão
D:/Users/raul.qgomes/Ladrão da mansão
[UnityMemory] Configuration Parameters - Can be set up in boot.config
    "memorysetup-bucket-allocator-granularity=16"
    "memorysetup-bucket-allocator-bucket-count=8"
    "memorysetup-bucket-allocator-block-size=33554432"
    "memorysetup-bucket-allocator-block-count=8"
    "memorysetup-main-allocator-block-size=16777216"
    "memorysetup-thread-allocator-block-size=16777216"
    "memorysetup-gfx-main-allocator-block-size=16777216"
    "memorysetup-gfx-thread-allocator-block-size=16777216"
    "memorysetup-cache-allocator-block-size=4194304"
    "memorysetup-typetree-allocator-block-size=2097152"
    "memorysetup-profiler-bucket-allocator-granularity=16"
    "memorysetup-profiler-bucket-allocator-bucket-count=8"
    "memorysetup-profiler-bucket-allocator-block-size=33554432"
    "memorysetup-profiler-bucket-allocator-block-count=8"
    "memorysetup-profiler-allocator-block-size=16777216"
    "memorysetup-profiler-editor-allocator-block-size=1048576"
    "memorysetup-temp-allocator-size-main=16777216"
    "memorysetup-job-temp-allocator-block-size=2097152"
    "memorysetup-job-temp-allocator-block-size-background=1048576"
    "memorysetup-job-temp-allocator-reduction-small-platforms=262144"
    "memorysetup-allocator-temp-initial-block-size-main=262144"
    "memorysetup-allocator-temp-initial-block-size-worker=262144"
    "memorysetup-temp-allocator-size-background-worker=32768"
    "memorysetup-temp-allocator-size-job-worker=262144"
    "memorysetup-temp-allocator-size-preload-manager=33554432"
    "memorysetup-temp-allocator-size-nav-mesh-worker=65536"
    "memorysetup-temp-allocator-size-audio-worker=65536"
    "memorysetup-temp-allocator-size-cloud-worker=32768"
    "memorysetup-temp-allocator-size-gi-baking-worker=262144"
    "memorysetup-temp-allocator-size-gfx=262144"
Player connection [26856] Host "[IP] 192.168.56.1 [Port] 0 [Flags] 2 [Guid] 1375945764 [EditorId] 1375945764 [Version] 1048832 [Id] WindowsEditor(7,CAR0588310W10-1) [Debug] 1 [PackageName] WindowsEditor [ProjectName] Editor" joined multi-casting on [225.0.0.222:54997]...

Player connection [26856] Host "[IP] 192.168.56.1 [Port] 0 [Flags] 2 [Guid] 1375945764 [EditorId] 1375945764 [Version] 1048832 [Id] WindowsEditor(7,CAR0588310W10-1) [Debug] 1 [PackageName] WindowsEditor [ProjectName] Editor" joined alternative multi-casting on [225.0.0.222:34997]...

[Physics::Module] Initialized MultithreadedJobDispatcher with 7 workers.
Refreshing native plugins compatible for Editor in 27.99 ms, found 4 plugins.
Preloading 0 native plugins for Editor in 0.00 ms.
Initialize engine version: 2022.3.29f1 (8d510ca76d2b)
[Subsystems] Discovering subsystems at path C:/Program Files/Unity/Hub/Editor/2022.3.29f1/Editor/Data/Resources/UnitySubsystems
[Subsystems] Discovering subsystems at path D:/Users/raul.qgomes/Ladrão da mansão/Assets
GfxDevice: creating device client; threaded=0; jobified=0
Direct3D:
    Version:  Direct3D 11.0 [level 11.0]
    Renderer: NVIDIA GeForce GTX 745 (ID=0x1382)
    Vendor:   NVIDIA
    VRAM:     4053 MB
    Driver:   23.21.13.9125
Initialize mono
Mono path[0] = 'C:/Program Files/Unity/Hub/Editor/2022.3.29f1/Editor/Data/Managed'
Mono path[1] = 'C:/Program Files/Unity/Hub/Editor/2022.3.29f1/Editor/Data/MonoBleedingEdge/lib/mono/unityjit-win32'
Mono config path = 'C:/Program Files/Unity/Hub/Editor/2022.3.29f1/Editor/Data/MonoBleedingEdge/etc'
Using monoOptions --debugger-agent=transport=dt_socket,embedding=1,server=y,suspend=n,address=127.0.0.1:56292
Begin MonoManager ReloadAssembly
Registering precompiled unity dll's ...
Register platform support module: C:/Program Files/Unity/Hub/Editor/2022.3.29f1/Editor/Data/PlaybackEngines/WebGLSupport/UnityEditor.WebGL.Extensions.dll
Register platform support module: C:/Program Files/Unity/Hub/Editor/2022.3.29f1/Editor/Data/PlaybackEngines/WindowsStandaloneSupport/UnityEditor.WindowsStandalone.Extensions.dll
Registered in 0.018123 seconds.
- Loaded All Assemblies, in  0.729 seconds
Native extension for WindowsStandalone target not found
Native extension for WebGL target not found
Mono: successfully reloaded assembly
- Finished resetting the current domain, in  0.486 seconds
Domain Reload Profiling: 1208ms
	BeginReloadAssembly (195ms)
		ExecutionOrderSort (0ms)
		DisableScriptedObjects (0ms)
		BackupInstance (0ms)
		ReleaseScriptingObjects (0ms)
		CreateAndSetChildDomain (2ms)
	RebuildCommonClasses (64ms)
	RebuildNativeTypeToScriptingClass (19ms)
	initialDomainReloadingComplete (105ms)
	LoadAllAssembliesAndSetupDomain (339ms)
		LoadAssemblies (187ms)
		RebuildTransferFunctionScriptingTraits (0ms)
		AnalyzeDomain (335ms)
			TypeCache.Refresh (332ms)
				TypeCache.ScanAssembly (301ms)
			ScanForSourceGeneratedMonoScriptInfo (1ms)
			ResolveRequiredComponents (1ms)
	FinalizeReload (487ms)
		ReleaseScriptCaches (0ms)
		RebuildScriptCaches (0ms)
		SetupLoadedEditorAssemblies (364ms)
			LogAssemblyErrors (0ms)
			InitializePlatformSupportModulesInManaged (20ms)
			SetLoadedEditorAssemblies (8ms)
			RefreshPlugins (0ms)
			BeforeProcessingInitializeOnLoad (4ms)
			ProcessInitializeOnLoadAttributes (246ms)
			ProcessInitializeOnLoadMethodAttributes (85ms)
			AfterProcessingInitializeOnLoad (0ms)
			EditorAssembliesLoaded (0ms)
		ExecutionOrderSort2 (0ms)
		AwakeInstancesAfterBackupRestoration (0ms)
========================================================================
Worker process is ready to serve import requests
Begin MonoManager ReloadAssembly
- Loaded All Assemblies, in  1.087 seconds
Refreshing native plugins compatible for Editor in 9.35 ms, found 4 plugins.
Native extension for WindowsStandalone target not found
Native extension for WebGL target not found
Package Manager log level set to [2]
[Package Manager] Server::EnsureServerProcessIsRunning -- launch failed, reason: Unity was launched with the -noUpm command-line argument
[Package Manager] UpmClient::Send -- Unable to send message (not connected to UPM process).
[Package Manager] Cannot connect to Unity Package Manager local server
Mono: successfully reloaded assembly
- Finished resetting the current domain, in  0.954 seconds
Domain Reload Profiling: 2033ms
	BeginReloadAssembly (253ms)
		ExecutionOrderSort (0ms)
		DisableScriptedObjects (7ms)
		BackupInstance (0ms)
		ReleaseScriptingObjects (0ms)
		CreateAndSetChildDomain (31ms)
	RebuildCommonClasses (52ms)
	RebuildNativeTypeToScriptingClass (19ms)
	initialDomainReloadingComplete (71ms)
	LoadAllAssembliesAndSetupDomain (683ms)
		LoadAssemblies (563ms)
		RebuildTransferFunctionScriptingTraits (0ms)
		AnalyzeDomain (276ms)
			TypeCache.Refresh (235ms)
				TypeCache.ScanAssembly (210ms)
			ScanForSourceGeneratedMonoScriptInfo (31ms)
			ResolveRequiredComponents (9ms)
	FinalizeReload (955ms)
		ReleaseScriptCaches (0ms)
		RebuildScriptCaches (0ms)
		SetupLoadedEditorAssemblies (704ms)
			LogAssemblyErrors (0ms)
			InitializePlatformSupportModulesInManaged (12ms)
			SetLoadedEditorAssemblies (5ms)
			RefreshPlugins (0ms)
			BeforeProcessingInitializeOnLoad (113ms)
			ProcessInitializeOnLoadAttributes (500ms)
			ProcessInitializeOnLoadMethodAttributes (58ms)
			AfterProcessingInitializeOnLoad (15ms)
			EditorAssembliesLoaded (0ms)
		ExecutionOrderSort2 (0ms)
		AwakeInstancesAfterBackupRestoration (15ms)
Launched and connected shader compiler UnityShaderCompiler.exe after 0.10 seconds
Refreshing native plugins compatible for Editor in 11.11 ms, found 4 plugins.
Preloading 0 native plugins for Editor in 0.00 ms.
Unloading 4035 Unused Serialized files (Serialized files now loaded: 0)
Unloading 71 unused Assets / (246.1 KB). Loaded Objects now: 4489.
Memory consumption went from 141.6 MB to 141.4 MB.
Total: 4.547000 ms (FindLiveObjects: 0.456200 ms CreateObjectMapping: 0.456700 ms MarkObjects: 3.415400 ms  DeleteObjects: 0.217300 ms)

AssetImportParameters requested are different than current active one (requested -> active):
  custom:container-demuxer-ogg: 62fdf1f143b41e24485cea50d1cbac27 -> 
  custom:video-decoder-ogg-theora: a1e56fd34408186e4bbccfd4996cb3dc -> 
  custom:framework-win-MediaFoundation: 216162199b28c13a410421893ffa2e32 -> 
  custom:CustomObjectIndexerAttribute: 9a22284fe3817be447336de3de66b15e -> 
  custom:container-demuxer-webm: 4f35f7cbe854078d1ac9338744f61a02 -> 
  custom:container-muxer-webm: aa71ff27fc2769a1b78a27578f13a17b -> 
  custom:video-decoder-webm-vp8: 9c59270c3fd7afecdb556c50c9e8de78 -> 
  custom:SearchIndexIgnoredProperties: e643bd26f0fe6173181afceb89e7c659 -> 
  custom:AudioImporter_EditorPlatform: d09bf68614088b80899f8185d706f6e7 -> 
  custom:video-encoder-webm-vp8: eb34c28f22e8b96e1ab97ce403110664 -> 
  custom:audio-decoder-ogg-vorbis: bf7c407c2cedff20999df2af8eb42d56 -> 
  custom:audio-encoder-webm-vorbis: bf7c407c2cedff20999df2af8eb42d56 -> 
========================================================================
Received Import Request.
  Time since last request: 765261.127016 seconds.
  path: Assets/sprites/estrutura.prefab
  artifactKey: Guid(e7ac427bc967b0d43923577e38bf1636) Importer(815301076,1909f56bfc062723c751e8b465ee728b)
Start importing Assets/sprites/estrutura.prefab using Guid(e7ac427bc967b0d43923577e38bf1636) Importer(815301076,1909f56bfc062723c751e8b465ee728b)  -> (artifact id: 'e385882db7e612467ee0fe848dca0716') in 0.132890 seconds
Number of updated asset objects reloaded before import = 0
Number of asset objects unloaded after import = 86
========================================================================
Received Import Request.
  Time since last request: 39.630775 seconds.
  path: Assets/sprites/estrutura.prefab
  artifactKey: Guid(e7ac427bc967b0d43923577e38bf1636) Importer(815301076,1909f56bfc062723c751e8b465ee728b)
Start importing Assets/sprites/estrutura.prefab using Guid(e7ac427bc967b0d43923577e38bf1636) Importer(815301076,1909f56bfc062723c751e8b465ee728b)  -> (artifact id: 'a2c65f500440c2a0529be411c0bed0ab') in 0.014860 seconds
Number of updated asset objects reloaded before import = 0
Number of asset objects unloaded after import = 86
========================================================================
Received Import Request.
  Time since last request: 0.000016 seconds.
  path: Assets/sprites/MicrosoftTeams-image (2).png
  artifactKey: Guid(98a10177bcb04d44dbcbf4de2e9810bb) Importer(815301076,1909f56bfc062723c751e8b465ee728b)
Start importing Assets/sprites/MicrosoftTeams-image (2).png using Guid(98a10177bcb04d44dbcbf4de2e9810bb) Importer(815301076,1909f56bfc062723c751e8b465ee728b)  -> (artifact id: '83827cec8a1dc497fb6ba12384060c09') in 0.288568 seconds
Number of updated asset objects reloaded before import = 0
Number of asset objects unloaded after import = 55
========================================================================
Received Import Request.
  Time since last request: 26.199800 seconds.
  path: Assets/sprites/estrutura.prefab
  artifactKey: Guid(e7ac427bc967b0d43923577e38bf1636) Importer(815301076,1909f56bfc062723c751e8b465ee728b)
Start importing Assets/sprites/estrutura.prefab using Guid(e7ac427bc967b0d43923577e38bf1636) Importer(815301076,1909f56bfc062723c751e8b465ee728b)  -> (artifact id: 'ba987bf3fc2d467f93f45f95b94366d7') in 0.015338 seconds
Number of updated asset objects reloaded before import = 0
Number of asset objects unloaded after import = 86
========================================================================
Received Import Request.
  Time since last request: 0.000025 seconds.
  path: Assets/sprites/MicrosoftTeams-image (2).png
  artifactKey: Guid(98a10177bcb04d44dbcbf4de2e9810bb) Importer(815301076,1909f56bfc062723c751e8b465ee728b)
Start importing Assets/sprites/MicrosoftTeams-image (2).png using Guid(98a10177bcb04d44dbcbf4de2e9810bb) Importer(815301076,1909f56bfc062723c751e8b465ee728b)  -> (artifact id: '3c0c49dc27ea43463f085118f3f67179') in 0.194666 seconds
Number of updated asset objects reloaded before import = 0
Number of asset objects unloaded after import = 55
========================================================================
Received Prepare
Begin MonoManager ReloadAssembly
- Loaded All Assemblies, in  0.633 seconds
Refreshing native plugins compatible for Editor in 8.97 ms, found 4 plugins.
Native extension for WindowsStandalone target not found
Native extension for WebGL target not found
[Package Manager] Server::EnsureServerProcessIsRunning -- launch failed, reason: Unity was launched with the -noUpm command-line argument
[Package Manager] UpmClient::Send -- Unable to send message (not connected to UPM process).
[Package Manager] Cannot connect to Unity Package Manager local server
Mono: successfully reloaded assembly
- Finished resetting the current domain, in  1.998 seconds
Domain Reload Profiling: 2625ms
	BeginReloadAssembly (209ms)
		ExecutionOrderSort (0ms)
		DisableScriptedObjects (13ms)
		BackupInstance (0ms)
		ReleaseScriptingObjects (0ms)
		CreateAndSetChildDomain (43ms)
	RebuildCommonClasses (45ms)
	RebuildNativeTypeToScriptingClass (14ms)
	initialDomainReloadingComplete (41ms)
	LoadAllAssembliesAndSetupDomain (316ms)
		LoadAssemblies (413ms)
		RebuildTransferFunctionScriptingTraits (0ms)
		AnalyzeDomain (16ms)
			TypeCache.Refresh (7ms)
				TypeCache.ScanAssembly (0ms)
			ScanForSourceGeneratedMonoScriptInfo (0ms)
			ResolveRequiredComponents (7ms)
	FinalizeReload (1999ms)
		ReleaseScriptCaches (0ms)
		RebuildScriptCaches (0ms)
		SetupLoadedEditorAssemblies (817ms)
			LogAssemblyErrors (0ms)
			InitializePlatformSupportModulesInManaged (17ms)
			SetLoadedEditorAssemblies (8ms)
			RefreshPlugins (0ms)
			BeforeProcessingInitializeOnLoad (140ms)
			ProcessInitializeOnLoadAttributes (561ms)
			ProcessInitializeOnLoadMethodAttributes (67ms)
			AfterProcessingInitializeOnLoad (24ms)
			EditorAssembliesLoaded (1ms)
		ExecutionOrderSort2 (0ms)
		AwakeInstancesAfterBackupRestoration (36ms)
Refreshing native plugins compatible for Editor in 14.32 ms, found 4 plugins.
Preloading 0 native plugins for Editor in 0.00 ms.
Unloading 4029 Unused Serialized files (Serialized files now loaded: 0)
Unloading 43 unused Assets / (218.1 KB). Loaded Objects now: 4506.
Memory consumption went from 144.5 MB to 144.3 MB.
Total: 6.686700 ms (FindLiveObjects: 0.820000 ms CreateObjectMapping: 0.780000 ms MarkObjects: 4.878000 ms  DeleteObjects: 0.207300 ms)

Prepare: number of updated asset objects reloaded= 0
AssetImportParameters requested are different than current active one (requested -> active):
  custom:container-demuxer-ogg: 62fdf1f143b41e24485cea50d1cbac27 -> 
  custom:video-decoder-ogg-theora: a1e56fd34408186e4bbccfd4996cb3dc -> 
  custom:framework-win-MediaFoundation: 216162199b28c13a410421893ffa2e32 -> 
  custom:CustomObjectIndexerAttribute: 9a22284fe3817be447336de3de66b15e -> 
  custom:container-demuxer-webm: 4f35f7cbe854078d1ac9338744f61a02 -> 
  custom:container-muxer-webm: aa71ff27fc2769a1b78a27578f13a17b -> 
  custom:video-decoder-webm-vp8: 9c59270c3fd7afecdb556c50c9e8de78 -> 
  custom:SearchIndexIgnoredProperties: e643bd26f0fe6173181afceb89e7c659 -> 
  custom:AudioImporter_EditorPlatform: d09bf68614088b80899f8185d706f6e7 -> 
  custom:video-encoder-webm-vp8: eb34c28f22e8b96e1ab97ce403110664 -> 
  custom:audio-decoder-ogg-vorbis: bf7c407c2cedff20999df2af8eb42d56 -> 
  custom:audio-encoder-webm-vorbis: bf7c407c2cedff20999df2af8eb42d56 -> 
========================================================================
Received Import Request.
  Time since last request: 653.129548 seconds.
  path: Assets/sprites/mesa.png
  artifactKey: Guid(48db63848ea4a884bbc62cca7c2babd5) Importer(815301076,1909f56bfc062723c751e8b465ee728b)
Start importing Assets/sprites/mesa.png using Guid(48db63848ea4a884bbc62cca7c2babd5) Importer(815301076,1909f56bfc062723c751e8b465ee728b)  -> (artifact id: '6efea6bf470ef36cdcee69eba6441352') in 0.094069 seconds
Number of updated asset objects reloaded before import = 0
Number of asset objects unloaded after import = 3
========================================================================
Received Import Request.
  Time since last request: 19.547454 seconds.
  path: Assets/sprites/mesa.png
  artifactKey: Guid(48db63848ea4a884bbc62cca7c2babd5) Importer(815301076,1909f56bfc062723c751e8b465ee728b)
Start importing Assets/sprites/mesa.png using Guid(48db63848ea4a884bbc62cca7c2babd5) Importer(815301076,1909f56bfc062723c751e8b465ee728b)  -> (artifact id: '5bccb2e82c499fbd6b2427dda06795e1') in 0.010072 seconds
Number of updated asset objects reloaded before import = 0
Number of asset objects unloaded after import = 2
========================================================================
Received Import Request.
  Time since last request: 15.704849 seconds.
  path: Assets/sprites/mesa.png
  artifactKey: Guid(48db63848ea4a884bbc62cca7c2babd5) Importer(815301076,1909f56bfc062723c751e8b465ee728b)
Start importing Assets/sprites/mesa.png using Guid(48db63848ea4a884bbc62cca7c2babd5) Importer(815301076,1909f56bfc062723c751e8b465ee728b)  -> (artifact id: '232076eee7e91b154ee7f51d8dab3c4d') in 0.023539 seconds
Number of updated asset objects reloaded before import = 0
Number of asset objects unloaded after import = 6
========================================================================
Received Prepare
Begin MonoManager ReloadAssembly
- Loaded All Assemblies, in  0.629 seconds
Refreshing native plugins compatible for Editor in 9.19 ms, found 4 plugins.
Native extension for WindowsStandalone target not found
Native extension for WebGL target not found
[Package Manager] Server::EnsureServerProcessIsRunning -- launch failed, reason: Unity was launched with the -noUpm command-line argument
[Package Manager] UpmClient::Send -- Unable to send message (not connected to UPM process).
[Package Manager] Cannot connect to Unity Package Manager local server
Mono: successfully reloaded assembly
- Finished resetting the current domain, in  1.990 seconds
Domain Reload Profiling: 2613ms
	BeginReloadAssembly (197ms)
		ExecutionOrderSort (0ms)
		DisableScriptedObjects (13ms)
		BackupInstance (0ms)
		ReleaseScriptingObjects (0ms)
		CreateAndSetChildDomain (43ms)
	RebuildCommonClasses (46ms)
	RebuildNativeTypeToScriptingClass (13ms)
	initialDomainReloadingComplete (44ms)
	LoadAllAssembliesAndSetupDomain (322ms)
		LoadAssemblies (408ms)
		RebuildTransferFunctionScriptingTraits (0ms)
		AnalyzeDomain (16ms)
			TypeCache.Refresh (7ms)
				TypeCache.ScanAssembly (0ms)
			ScanForSourceGeneratedMonoScriptInfo (0ms)
			ResolveRequiredComponents (8ms)
	FinalizeReload (1991ms)
		ReleaseScriptCaches (0ms)
		RebuildScriptCaches (0ms)
		SetupLoadedEditorAssemblies (815ms)
			LogAssemblyErrors (0ms)
			InitializePlatformSupportModulesInManaged (16ms)
			SetLoadedEditorAssemblies (6ms)
			RefreshPlugins (0ms)
			BeforeProcessingInitializeOnLoad (141ms)
			ProcessInitializeOnLoadAttributes (572ms)
			ProcessInitializeOnLoadMethodAttributes (61ms)
			AfterProcessingInitializeOnLoad (18ms)
			EditorAssembliesLoaded (0ms)
		ExecutionOrderSort2 (0ms)
		AwakeInstancesAfterBackupRestoration (29ms)
Refreshing native plugins compatible for Editor in 13.58 ms, found 4 plugins.
Preloading 0 native plugins for Editor in 0.00 ms.
Unloading 4029 Unused Serialized files (Serialized files now loaded: 0)
Unloading 43 unused Assets / (218.2 KB). Loaded Objects now: 4510.
Memory consumption went from 144.5 MB to 144.3 MB.
Total: 6.405200 ms (FindLiveObjects: 0.550400 ms CreateObjectMapping: 0.471100 ms MarkObjects: 5.064400 ms  DeleteObjects: 0.317500 ms)

Prepare: number of updated asset objects reloaded= 0
AssetImportParameters requested are different than current active one (requested -> active):
  custom:container-demuxer-ogg: 62fdf1f143b41e24485cea50d1cbac27 -> 
  custom:video-decoder-ogg-theora: a1e56fd34408186e4bbccfd4996cb3dc -> 
  custom:framework-win-MediaFoundation: 216162199b28c13a410421893ffa2e32 -> 
  custom:CustomObjectIndexerAttribute: 9a22284fe3817be447336de3de66b15e -> 
  custom:container-demuxer-webm: 4f35f7cbe854078d1ac9338744f61a02 -> 
  custom:container-muxer-webm: aa71ff27fc2769a1b78a27578f13a17b -> 
  custom:video-decoder-webm-vp8: 9c59270c3fd7afecdb556c50c9e8de78 -> 
  custom:SearchIndexIgnoredProperties: e643bd26f0fe6173181afceb89e7c659 -> 
  custom:AudioImporter_EditorPlatform: d09bf68614088b80899f8185d706f6e7 -> 
  custom:video-encoder-webm-vp8: eb34c28f22e8b96e1ab97ce403110664 -> 
  custom:audio-decoder-ogg-vorbis: bf7c407c2cedff20999df2af8eb42d56 -> 
  custom:audio-encoder-webm-vorbis: bf7c407c2cedff20999df2af8eb42d56 -> 
========================================================================
Received Import Request.
  Time since last request: 1024.044964 seconds.
  path: Assets/sprites/mesa 2.png
  artifactKey: Guid(3b6551e7114bbc44a8f449942cacaabf) Importer(815301076,1909f56bfc062723c751e8b465ee728b)
Start importing Assets/sprites/mesa 2.png using Guid(3b6551e7114bbc44a8f449942cacaabf) Importer(815301076,1909f56bfc062723c751e8b465ee728b)  -> (artifact id: '73f3bc8c5e0baebe4bcfb97c7bfb4181') in 0.093874 seconds
Number of updated asset objects reloaded before import = 0
Number of asset objects unloaded after import = 3
========================================================================
Received Import Request.
  Time since last request: 20.036345 seconds.
  path: Assets/sprites/mesa 2.png
  artifactKey: Guid(3b6551e7114bbc44a8f449942cacaabf) Importer(815301076,1909f56bfc062723c751e8b465ee728b)
Start importing Assets/sprites/mesa 2.png using Guid(3b6551e7114bbc44a8f449942cacaabf) Importer(815301076,1909f56bfc062723c751e8b465ee728b)  -> (artifact id: '78f268f4ed81806e8ab87d818577bc7d') in 0.009031 seconds
Number of updated asset objects reloaded before import = 0
Number of asset objects unloaded after import = 2
========================================================================
Received Import Request.
  Time since last request: 19.535637 seconds.
  path: Assets/sprites/mesa 2.png
  artifactKey: Guid(3b6551e7114bbc44a8f449942cacaabf) Importer(815301076,1909f56bfc062723c751e8b465ee728b)
Start importing Assets/sprites/mesa 2.png using Guid(3b6551e7114bbc44a8f449942cacaabf) Importer(815301076,1909f56bfc062723c751e8b465ee728b)  -> (artifact id: '890d251b4dc902a1a5148cb0b8e4ad59') in 0.027542 seconds
Number of updated asset objects reloaded before import = 0
Number of asset objects unloaded after import = 8
========================================================================
Received Import Request.
  Time since last request: 657.169798 seconds.
  path: Assets/sprites/mesa 3.png
  artifactKey: Guid(ca01b4ab9342dbf4fbd0a9e06199e676) Importer(815301076,1909f56bfc062723c751e8b465ee728b)
Start importing Assets/sprites/mesa 3.png using Guid(ca01b4ab9342dbf4fbd0a9e06199e676) Importer(815301076,1909f56bfc062723c751e8b465ee728b)  -> (artifact id: '60a3a25276b40edc30b6b6a9717c4d97') in 0.033845 seconds
Number of updated asset objects reloaded before import = 0
Number of asset objects unloaded after import = 3
========================================================================
Received Import Request.
  Time since last request: 48.434948 seconds.
  path: Assets/sprites/mesa 3.png
  artifactKey: Guid(ca01b4ab9342dbf4fbd0a9e06199e676) Importer(815301076,1909f56bfc062723c751e8b465ee728b)
Start importing Assets/sprites/mesa 3.png using Guid(ca01b4ab9342dbf4fbd0a9e06199e676) Importer(815301076,1909f56bfc062723c751e8b465ee728b)  -> (artifact id: '492917f55a80d898dc4d590b2982cd52') in 0.012275 seconds
Number of updated asset objects reloaded before import = 0
Number of asset objects unloaded after import = 2
========================================================================
Received Import Request.
  Time since last request: 5.757328 seconds.
  path: Assets/sprites/mesa 3.png
  artifactKey: Guid(ca01b4ab9342dbf4fbd0a9e06199e676) Importer(815301076,1909f56bfc062723c751e8b465ee728b)
Start importing Assets/sprites/mesa 3.png using Guid(ca01b4ab9342dbf4fbd0a9e06199e676) Importer(815301076,1909f56bfc062723c751e8b465ee728b)  -> (artifact id: '58cee304bb97bb8b9110cd65625c8359') in 0.031467 seconds
Number of updated asset objects reloaded before import = 0
Number of asset objects unloaded after import = 11
========================================================================
Received Import Request.
  Time since last request: 496.519036 seconds.
  path: Assets/sprites/mesa 2 (1).png
  artifactKey: Guid(05735babb1280924c9b03a19c97fca1e) Importer(815301076,1909f56bfc062723c751e8b465ee728b)
Start importing Assets/sprites/mesa 2 (1).png using Guid(05735babb1280924c9b03a19c97fca1e) Importer(815301076,1909f56bfc062723c751e8b465ee728b)  -> (artifact id: '8f70bde0f0a4f5ab50b6f82ef5ec47c0') in 0.028422 seconds
Number of updated asset objects reloaded before import = 0
Number of asset objects unloaded after import = 3
========================================================================
Received Import Request.
  Time since last request: 13.342715 seconds.
  path: Assets/sprites/mesa 2 (1).png
  artifactKey: Guid(05735babb1280924c9b03a19c97fca1e) Importer(815301076,1909f56bfc062723c751e8b465ee728b)
Start importing Assets/sprites/mesa 2 (1).png using Guid(05735babb1280924c9b03a19c97fca1e) Importer(815301076,1909f56bfc062723c751e8b465ee728b)  -> (artifact id: '73db3a0b06cb9ca75ccd03e54a73792a') in 0.009057 seconds
Number of updated asset objects reloaded before import = 0
Number of asset objects unloaded after import = 2
========================================================================
Received Import Request.
  Time since last request: 7.594063 seconds.
  path: Assets/sprites/mesa 2 (1).png
  artifactKey: Guid(05735babb1280924c9b03a19c97fca1e) Importer(815301076,1909f56bfc062723c751e8b465ee728b)
Start importing Assets/sprites/mesa 2 (1).png using Guid(05735babb1280924c9b03a19c97fca1e) Importer(815301076,1909f56bfc062723c751e8b465ee728b)  -> (artifact id: '58c2094dc53c1ccc2b38903c6986cea7') in 0.024400 seconds
Number of updated asset objects reloaded before import = 0
Number of asset objects unloaded after import = 8
